{"C:\\Users\\Lana\\Desktop\\microverse\\Module 2\\Week 5\\JavaScript Capstone\\HL\\capstone-javascript\\src\\components\\home\\characters-counts.js": {"path":"C:\\Users\\Lana\\Desktop\\microverse\\Module 2\\Week 5\\JavaScript Capstone\\HL\\capstone-javascript\\src\\components\\home\\characters-counts.js","statementMap":{"0":{"start":{"line":1,"column":25},"end":{"line":3,"column":1}},"1":{"start":{"line":2,"column":2},"end":{"line":2,"column":52}}},"fnMap":{"0":{"name":"(anonymous_0)","decl":{"start":{"line":1,"column":25},"end":{"line":1,"column":26}},"loc":{"start":{"line":1,"column":51},"end":{"line":3,"column":1}},"line":1}},"branchMap":{},"s":{"0":1,"1":1},"f":{"0":1},"b":{},"_coverageSchema":"1a1c01bbd47fc00a2c39e90264f33305004495a9","hash":"9a5d4a7d0c8c0e331a5dfc2930e2831ad04f76a5"}
,"C:\\Users\\Lana\\Desktop\\microverse\\Module 2\\Week 5\\JavaScript Capstone\\HL\\capstone-javascript\\src\\components\\home\\commentsCounter.js": {"path":"C:\\Users\\Lana\\Desktop\\microverse\\Module 2\\Week 5\\JavaScript Capstone\\HL\\capstone-javascript\\src\\components\\home\\commentsCounter.js","statementMap":{"0":{"start":{"line":1,"column":24},"end":{"line":3,"column":1}},"1":{"start":{"line":2,"column":2},"end":{"line":2,"column":54}}},"fnMap":{"0":{"name":"(anonymous_0)","decl":{"start":{"line":1,"column":24},"end":{"line":1,"column":25}},"loc":{"start":{"line":1,"column":54},"end":{"line":3,"column":1}},"line":1}},"branchMap":{},"s":{"0":1,"1":1},"f":{"0":1},"b":{},"_coverageSchema":"1a1c01bbd47fc00a2c39e90264f33305004495a9","hash":"8bfaa03e42036ac6c88e8396e5cfa032c63d9ec7"}
}
